The following modules were not unloaded:
  (Use "module --force purge" to unload all):

  1) StdEnv
srun: Job step aborted: Waiting up to 32 seconds for job step to finish.
slurmstepd: error: *** STEP 4405476.0 ON c3-33 CANCELLED AT 2021-11-12T20:31:09 ***
slurmstepd: error: *** JOB 4405476 ON c3-33 CANCELLED AT 2021-11-12T20:31:09 ***
The following modules were not unloaded:
  (Use "module --force purge" to unload all):

  1) StdEnv
slurmstepd: error: *** JOB 4416614 ON c3-30 CANCELLED AT 2021-11-13T09:36:51 ***
srun: Job step aborted: Waiting up to 32 seconds for job step to finish.
slurmstepd: error: *** STEP 4416614.0 ON c3-30 CANCELLED AT 2021-11-13T09:36:51 ***
srun: error: c3-35: tasks 18-19: Terminated
srun: error: c3-39: tasks 29-30: Terminated
srun: error: c3-41: tasks 31-33: Terminated
srun: error: c3-34: tasks 15-17: Terminated
srun: error: c3-43: tasks 34-39: Terminated
srun: error: c3-38: tasks 26-28: Terminated
srun: error: c3-33: tasks 7-14: Terminated
